# JRE version: Java(TM) SE Runtime Environment (8.0_66-b18) (build 1.8.0_66-b18)
# Java VM: Java HotSpot(TM) 64-Bit Server VM (25.66-b18 mixed mode windows-amd64 compressed oops)
Heap:
 PSYoungGen      total 459264K, used 238464K [0x00000000d5f80000, 0x0000000100000000, 0x0000000100000000)
  eden space 229888K, 100% used [0x00000000d5f80000,0x00000000e4000000,0x00000000e4000000)
  from space 229376K, 3% used [0x00000000f2000000,0x00000000f2860000,0x0000000100000000)
  to   space 229376K, 90% used [0x00000000e4000000,0x00000000f0b8c000,0x00000000f2000000)
 ParOldGen       total 1377792K, used 720842K [0x0000000081e00000, 0x00000000d5f80000, 0x00000000d5f80000)
  object space 1377792K, 52% used [0x0000000081e00000,0x00000000addf2ae0,0x00000000d5f80000)
 Metaspace       used 6000K, capacity 6400K, committed 6528K, reserved 1056768K
  class space    used 574K, capacity 628K, committed 640K, reserved 1048576K
GC Heap History (10 events):
Event: 183567.100 GC heap after
Heap after GC invocations=114521 (full 7518):
 PSYoungGen      total 459264K, used 39369K [0x00000000d5f80000, 0x0000000100000000, 0x0000000100000000)
  eden space 229888K, 0% used [0x00000000d5f80000,0x00000000d5f80000,0x00000000e4000000)
  from space 229376K, 17% used [0x00000000f2000000,0x00000000f4672500,0x0000000100000000)
  to   space 229376K, 0% used [0x00000000e4000000,0x00000000e4000000,0x00000000f2000000)
 ParOldGen       total 1377792K, used 411272K [0x0000000081e00000, 0x00000000d5f80000, 0x00000000d5f80000)
  object space 1377792K, 29% used [0x0000000081e00000,0x000000009afa2260,0x00000000d5f80000)
 Metaspace       used 6000K, capacity 6400K, committed 6528K, reserved 1056768K
  class space    used 574K, capacity 628K, committed 640K, reserved 1048576K
}
Event: 183568.108 GC heap before
{Heap before GC invocations=114522 (full 7518):
 PSYoungGen      total 459264K, used 269257K [0x00000000d5f80000, 0x0000000100000000, 0x0000000100000000)
  eden space 229888K, 100% used [0x00000000d5f80000,0x00000000e4000000,0x00000000e4000000)
  from space 229376K, 17% used [0x00000000f2000000,0x00000000f4672500,0x0000000100000000)
  to   space 229376K, 0% used [0x00000000e4000000,0x00000000e4000000,0x00000000f2000000)
 ParOldGen       total 1377792K, used 411272K [0x0000000081e00000, 0x00000000d5f80000, 0x00000000d5f80000)
  object space 1377792K, 29% used [0x0000000081e00000,0x000000009afa2260,0x00000000d5f80000)
 Metaspace       used 6000K, capacity 6400K, committed 6528K, reserved 1056768K
  class space    used 574K, capacity 628K, committed 640K, reserved 1048576K
Event: 183569.300 GC heap after
Heap after GC invocations=114522 (full 7518):
 PSYoungGen      total 459264K, used 229371K [0x00000000d5f80000, 0x0000000100000000, 0x0000000100000000)
  eden space 229888K, 0% used [0x00000000d5f80000,0x00000000d5f80000,0x00000000e4000000)
  from space 229376K, 99% used [0x00000000e4000000,0x00000000f1ffeca0,0x00000000f2000000)
  to   space 229376K, 0% used [0x00000000f2000000,0x00000000f2000000,0x0000000100000000)
 ParOldGen       total 1377792K, used 451163K [0x0000000081e00000, 0x00000000d5f80000, 0x00000000d5f80000)
  object space 1377792K, 32% used [0x0000000081e00000,0x000000009d696c40,0x00000000d5f80000)
 Metaspace       used 6000K, capacity 6400K, committed 6528K, reserved 1056768K
  class space    used 574K, capacity 628K, committed 640K, reserved 1048576K
}
Event: 183570.589 GC heap before
{Heap before GC invocations=114523 (full 7518):
 PSYoungGen      total 459264K, used 459259K [0x00000000d5f80000, 0x0000000100000000, 0x0000000100000000)
  eden space 229888K, 100% used [0x00000000d5f80000,0x00000000e4000000,0x00000000e4000000)
  from space 229376K, 99% used [0x00000000e4000000,0x00000000f1ffeca0,0x00000000f2000000)
  to   space 229376K, 0% used [0x00000000f2000000,0x00000000f2000000,0x0000000100000000)
 ParOldGen       total 1377792K, used 451163K [0x0000000081e00000, 0x00000000d5f80000, 0x00000000d5f80000)
  object space 1377792K, 32% used [0x0000000081e00000,0x000000009d696c40,0x00000000d5f80000)
 Metaspace       used 6000K, capacity 6400K, committed 6528K, reserved 1056768K
  class space    used 574K, capacity 628K, committed 640K, reserved 1048576K
Event: 183571.999 GC heap after
Heap after GC invocations=114523 (full 7518):
 PSYoungGen      total 459264K, used 36292K [0x00000000d5f80000, 0x0000000100000000, 0x0000000100000000)
  eden space 229888K, 0% used [0x00000000d5f80000,0x00000000d5f80000,0x00000000e4000000)
  from space 229376K, 15% used [0x00000000f2000000,0x00000000f43712b0,0x0000000100000000)
  to   space 229376K, 0% used [0x00000000e4000000,0x00000000e4000000,0x00000000f2000000)
 ParOldGen       total 1377792K, used 681038K [0x0000000081e00000, 0x00000000d5f80000, 0x00000000d5f80000)
  object space 1377792K, 49% used [0x0000000081e00000,0x00000000ab7138e0,0x00000000d5f80000)
 Metaspace       used 6000K, capacity 6400K, committed 6528K, reserved 1056768K
  class space    used 574K, capacity 628K, committed 640K, reserved 1048576K
}
Event: 183572.880 GC heap before
{Heap before GC invocations=114524 (full 7518):
 PSYoungGen      total 459264K, used 266180K [0x00000000d5f80000, 0x0000000100000000, 0x0000000100000000)
  eden space 229888K, 100% used [0x00000000d5f80000,0x00000000e4000000,0x00000000e4000000)
  from space 229376K, 15% used [0x00000000f2000000,0x00000000f43712b0,0x0000000100000000)
  to   space 229376K, 0% used [0x00000000e4000000,0x00000000e4000000,0x00000000f2000000)
 ParOldGen       total 1377792K, used 681038K [0x0000000081e00000, 0x00000000d5f80000, 0x00000000d5f80000)
  object space 1377792K, 49% used [0x0000000081e00000,0x00000000ab7138e0,0x00000000d5f80000)
 Metaspace       used 6000K, capacity 6400K, committed 6528K, reserved 1056768K
  class space    used 574K, capacity 628K, committed 640K, reserved 1048576K
Event: 183573.233 GC heap after
Heap after GC invocations=114524 (full 7518):
 PSYoungGen      total 459264K, used 84682K [0x00000000d5f80000, 0x0000000100000000, 0x0000000100000000)
  eden space 229888K, 0% used [0x00000000d5f80000,0x00000000d5f80000,0x00000000e4000000)
  from space 229376K, 36% used [0x00000000e4000000,0x00000000e92b2a70,0x00000000f2000000)
  to   space 229376K, 0% used [0x00000000f2000000,0x00000000f2000000,0x0000000100000000)
 ParOldGen       total 1377792K, used 716038K [0x0000000081e00000, 0x00000000d5f80000, 0x00000000d5f80000)
  object space 1377792K, 51% used [0x0000000081e00000,0x00000000ad941ba0,0x00000000d5f80000)
 Metaspace       used 6000K, capacity 6400K, committed 6528K, reserved 1056768K
  class space    used 574K, capacity 628K, committed 640K, reserved 1048576K
}
Event: 183573.675 GC heap before
{Heap before GC invocations=114525 (full 7518):
 PSYoungGen      total 459264K, used 314570K [0x00000000d5f80000, 0x0000000100000000, 0x0000000100000000)
  eden space 229888K, 100% used [0x00000000d5f80000,0x00000000e4000000,0x00000000e4000000)
  from space 229376K, 36% used [0x00000000e4000000,0x00000000e92b2a70,0x00000000f2000000)
  to   space 229376K, 0% used [0x00000000f2000000,0x00000000f2000000,0x0000000100000000)
 ParOldGen       total 1377792K, used 716038K [0x0000000081e00000, 0x00000000d5f80000, 0x00000000d5f80000)
  object space 1377792K, 51% used [0x0000000081e00000,0x00000000ad941ba0,0x00000000d5f80000)
 Metaspace       used 6000K, capacity 6400K, committed 6528K, reserved 1056768K
  class space    used 574K, capacity 628K, committed 640K, reserved 1048576K
Event: 183573.682 GC heap after
Heap after GC invocations=114525 (full 7518):
 PSYoungGen      total 459264K, used 8576K [0x00000000d5f80000, 0x0000000100000000, 0x0000000100000000)
  eden space 229888K, 0% used [0x00000000d5f80000,0x00000000d5f80000,0x00000000e4000000)
  from space 229376K, 3% used [0x00000000f2000000,0x00000000f2860000,0x0000000100000000)
  to   space 229376K, 0% used [0x00000000e4000000,0x00000000e4000000,0x00000000f2000000)
 ParOldGen       total 1377792K, used 720826K [0x0000000081e00000, 0x00000000d5f80000, 0x00000000d5f80000)
  object space 1377792K, 52% used [0x0000000081e00000,0x00000000addeeae0,0x00000000d5f80000)
 Metaspace       used 6000K, capacity 6400K, committed 6528K, reserved 1056768K
  class space    used 574K, capacity 628K, committed 640K, reserved 1048576K
}
Event: 183575.123 GC heap before
{Heap before GC invocations=114526 (full 7518):
 PSYoungGen      total 459264K, used 238464K [0x00000000d5f80000, 0x0000000100000000, 0x0000000100000000)
  eden space 229888K, 100% used [0x00000000d5f80000,0x00000000e4000000,0x00000000e4000000)
  from space 229376K, 3% used [0x00000000f2000000,0x00000000f2860000,0x0000000100000000)
  to   space 229376K, 0% used [0x00000000e4000000,0x00000000e4000000,0x00000000f2000000)
 ParOldGen       total 1377792K, used 720826K [0x0000000081e00000, 0x00000000d5f80000, 0x00000000d5f80000)
  object space 1377792K, 52% used [0x0000000081e00000,0x00000000addeeae0,0x00000000d5f80000)
 Metaspace       used 6000K, capacity 6400K, committed 6528K, reserved 1056768K
  class space    used 574K, capacity 628K, committed 640K, reserved 1048576K

